[2025-03-31 00:12:35,513] [INFO] 🟢 모의 매수 - 가격: 70500000, 수량: 0.001
[2025-03-31 00:12:37,472] [ERROR] [매수 기록 저장 실패] (1146, "Table 'stockauto.trade_history' doesn't exist")
[2025-03-31 00:12:37,472] [INFO] 🔴 모의 매도 - 가격: 71200000, 수량: 0.001, 수익률: 1.00%
[2025-03-31 00:12:37,846] [ERROR] [매도 기록 저장 실패] (1146, "Table 'stockauto.trade_history' doesn't exist")
[2025-03-31 00:31:16,287] [INFO] 📈 자동매매 시작
[2025-03-31 00:31:16,821] [INFO] 📥 BTC 1분봉 데이터 부족 → 30개 강제 저장
[2025-03-31 00:31:17,385] [INFO] ✅ 1분봉 데이터 30개 저장 완료
[2025-03-31 00:31:18,543] [INFO] ✅ 1분봉 데이터 3개 저장 완료
[2025-03-31 00:31:18,609] [ERROR] [최근 매수 조회 실패] (1146, "Table 'stockauto.trade_history' doesn't exist")
[2025-03-31 00:31:18,661] [ERROR] [최근 손실 조회 실패] (1146, "Table 'stockauto.trade_history' doesn't exist")
[2025-03-31 00:31:18,742] [INFO] ❌ 매수 조건 미충족
[2025-03-31 00:31:53,055] [INFO] 📈 자동매매 시작
[2025-03-31 00:31:53,572] [INFO] ✅ 1분봉 데이터 3개 저장 완료
[2025-03-31 00:31:53,739] [INFO] ❌ 매수 조건 미충족
[2025-03-31 00:32:53,881] [INFO] ✅ 1분봉 데이터 3개 저장 완료
[2025-03-31 00:32:54,045] [INFO] ❌ 매수 조건 미충족
[2025-03-31 00:33:54,237] [INFO] ✅ 1분봉 데이터 3개 저장 완료
[2025-03-31 00:33:54,399] [INFO] ❌ 매수 조건 미충족
[2025-03-31 00:34:54,563] [INFO] ✅ 1분봉 데이터 3개 저장 완료
[2025-03-31 00:34:54,727] [INFO] ❌ 매수 조건 미충족
[2025-03-31 00:35:54,875] [INFO] ✅ 1분봉 데이터 3개 저장 완료
[2025-03-31 00:35:55,045] [INFO] ❌ 매수 조건 미충족
[2025-03-31 00:36:55,216] [INFO] ✅ 1분봉 데이터 3개 저장 완료
[2025-03-31 00:36:55,389] [INFO] ❌ 매수 조건 미충족
[2025-03-31 00:37:55,551] [INFO] ✅ 1분봉 데이터 3개 저장 완료
[2025-03-31 00:37:55,754] [INFO] ❌ 매수 조건 미충족
[2025-03-31 00:38:55,923] [INFO] ✅ 1분봉 데이터 3개 저장 완료
[2025-03-31 00:38:56,114] [INFO] ❌ 매수 조건 미충족
[2025-03-31 00:39:56,286] [INFO] ✅ 1분봉 데이터 3개 저장 완료
[2025-03-31 00:39:56,484] [INFO] ❌ 매수 조건 미충족
[2025-03-31 00:40:56,652] [INFO] ✅ 1분봉 데이터 3개 저장 완료
[2025-03-31 00:40:56,816] [INFO] ❌ 매수 조건 미충족
[2025-03-31 00:41:56,983] [INFO] ✅ 1분봉 데이터 3개 저장 완료
[2025-03-31 00:41:57,160] [INFO] ❌ 매수 조건 미충족
[2025-03-31 00:42:57,310] [INFO] ✅ 1분봉 데이터 3개 저장 완료
[2025-03-31 00:42:57,470] [INFO] ❌ 매수 조건 미충족
[2025-03-31 00:43:57,619] [INFO] ✅ 1분봉 데이터 3개 저장 완료
[2025-03-31 00:43:57,782] [INFO] ❌ 매수 조건 미충족
[2025-03-31 00:44:57,937] [INFO] ✅ 1분봉 데이터 3개 저장 완료
[2025-03-31 00:44:58,110] [INFO] ❌ 매수 조건 미충족
[2025-03-31 00:45:58,271] [INFO] ✅ 1분봉 데이터 3개 저장 완료
[2025-03-31 00:45:58,450] [INFO] ❌ 매수 조건 미충족
[2025-03-31 00:46:58,612] [INFO] ✅ 1분봉 데이터 3개 저장 완료
[2025-03-31 00:46:58,779] [INFO] ❌ 매수 조건 미충족
[2025-03-31 00:47:58,955] [INFO] ✅ 1분봉 데이터 3개 저장 완료
[2025-03-31 00:47:59,152] [INFO] ❌ 매수 조건 미충족
[2025-03-31 00:48:59,329] [INFO] ✅ 1분봉 데이터 3개 저장 완료
[2025-03-31 00:48:59,501] [INFO] ❌ 매수 조건 미충족
[2025-03-31 00:49:59,661] [INFO] ✅ 1분봉 데이터 3개 저장 완료
[2025-03-31 00:49:59,820] [INFO] ❌ 매수 조건 미충족
[2025-03-31 00:50:59,984] [INFO] ✅ 1분봉 데이터 3개 저장 완료
[2025-03-31 00:51:00,164] [INFO] ❌ 매수 조건 미충족
[2025-03-31 00:52:00,339] [INFO] ✅ 1분봉 데이터 3개 저장 완료
[2025-03-31 00:52:00,504] [INFO] ❌ 매수 조건 미충족
[2025-03-31 00:53:00,680] [INFO] ✅ 1분봉 데이터 3개 저장 완료
[2025-03-31 00:53:00,838] [INFO] ❌ 매수 조건 미충족
[2025-03-31 00:54:01,004] [INFO] ✅ 1분봉 데이터 3개 저장 완료
[2025-03-31 00:54:01,198] [INFO] ❌ 매수 조건 미충족
[2025-03-31 01:14:47,246] [INFO] 📈 자동매매 시작
[2025-03-31 01:14:48,002] [INFO] ✅ 1분봉 데이터 3개 저장 완료
[2025-03-31 01:14:48,215] [INFO] ❌ 매수 조건 미충족
